<?xml version="1.0" encoding="UTF-8"?>
<testsuite xmlns:xsi="http://www.w3.org/2001/XMLSchema-instance" xsi:noNamespaceSchemaLocation="https://maven.apache.org/surefire/maven-surefire-plugin/xsd/surefire-test-report.xsd" name="com.aliyuncs.endpoint.location.model.v20150612.DescribeEndpointsResponseTest" time="0" tests="3" errors="0" skipped="0" failures="0">
  <properties>
[...]
</properties>
  <testcase name="testEndpoint" classname="com.aliyuncs.endpoint.location.model.v20150612.DescribeEndpointsResponseTest" time="0"/>
  <testcase name="testGetInstance" classname="com.aliyuncs.endpoint.location.model.v20150612.DescribeEndpointsResponseTest" time="0"/>
  <testcase name="testDescribeEndpointsResponse" classname="com.aliyuncs.endpoint.location.model.v20150612.DescribeEndpointsResponseTest" time="0"/>
</testsuite>